# JRE version: OpenJDK Runtime Environment Microsoft-8905927 (21.0.2+13) (build 21.0.2+13-LTS)
# Java VM: OpenJDK 64-Bit Server VM Microsoft-8905927 (21.0.2+13-LTS, mixed mode, emulated-client, sharing, tiered, compressed oops, compressed class ptrs, g1 gc, windows-amd64)
GC Precious Log:
 CardTable entry size: 512
 Card Set container configuration: InlinePtr #cards 4 size 8 Array Of Cards #cards 16 size 48 Howl #buckets 8 coarsen threshold 3686 Howl Bitmap #cards 512 size 80 coarsen threshold 460 Card regions per heap region 1 cards per card region 4096
 CPUs: 12 total, 12 available
 Memory: 16147M
 Large Page Support: Disabled
 NUMA Support: Disabled
 Compressed Oops: Enabled (Zero based)
 Heap Region Size: 2M
 Heap Min Capacity: 8M
 Heap Initial Capacity: 254M
 Heap Max Capacity: 4038M
 Pre-touch: Disabled
 Parallel Workers: 10
 Concurrent Workers: 3
 Concurrent Refinement Workers: 10
 Periodic GC: Disabled
Heap:
 garbage-first heap   total 116736K, used 82528K [0x0000000703a00000, 0x0000000800000000)
  region size 2048K, 11 young (22528K), 1 survivors (2048K)
 Metaspace       used 100008K, committed 101248K, reserved 1179648K
  class space    used 13923K, committed 14464K, reserved 1048576K
GC Heap History (20 events):
Event: 9.434 GC heap before
{Heap before GC invocations=20 (full 0):
 garbage-first heap   total 96256K, used 78582K [0x0000000703a00000, 0x0000000800000000)
  region size 2048K, 21 young (43008K), 3 survivors (6144K)
 Metaspace       used 88601K, committed 89408K, reserved 1179648K
  class space    used 12393K, committed 12736K, reserved 1048576K
}
Event: 9.441 GC heap after
{Heap after GC invocations=21 (full 0):
 garbage-first heap   total 96256K, used 47769K [0x0000000703a00000, 0x0000000800000000)
  region size 2048K, 3 young (6144K), 3 survivors (6144K)
 Metaspace       used 88601K, committed 89408K, reserved 1179648K
  class space    used 12393K, committed 12736K, reserved 1048576K
}
Event: 10.502 GC heap before
{Heap before GC invocations=21 (full 0):
 garbage-first heap   total 96256K, used 78489K [0x0000000703a00000, 0x0000000800000000)
  region size 2048K, 19 young (38912K), 3 survivors (6144K)
 Metaspace       used 92542K, committed 93376K, reserved 1179648K
  class space    used 12929K, committed 13312K, reserved 1048576K
}
Event: 10.507 GC heap after
{Heap after GC invocations=22 (full 0):
 garbage-first heap   total 96256K, used 49847K [0x0000000703a00000, 0x0000000800000000)
  region size 2048K, 2 young (4096K), 2 survivors (4096K)
 Metaspace       used 92542K, committed 93376K, reserved 1179648K
  class space    used 12929K, committed 13312K, reserved 1048576K
}
Event: 14.926 GC heap before
{Heap before GC invocations=22 (full 0):
 garbage-first heap   total 96256K, used 82615K [0x0000000703a00000, 0x0000000800000000)
  region size 2048K, 18 young (36864K), 2 survivors (4096K)
 Metaspace       used 93181K, committed 94080K, reserved 1179648K
  class space    used 13008K, committed 13440K, reserved 1048576K
}
Event: 14.928 GC heap after
{Heap after GC invocations=23 (full 0):
 garbage-first heap   total 96256K, used 50574K [0x0000000703a00000, 0x0000000800000000)
  region size 2048K, 2 young (4096K), 2 survivors (4096K)
 Metaspace       used 93181K, committed 94080K, reserved 1179648K
  class space    used 13008K, committed 13440K, reserved 1048576K
}
Event: 15.508 GC heap before
{Heap before GC invocations=24 (full 0):
 garbage-first heap   total 96256K, used 85390K [0x0000000703a00000, 0x0000000800000000)
  region size 2048K, 18 young (36864K), 2 survivors (4096K)
 Metaspace       used 96785K, committed 97856K, reserved 1179648K
  class space    used 13459K, committed 13952K, reserved 1048576K
}
Event: 15.513 GC heap after
{Heap after GC invocations=25 (full 0):
 garbage-first heap   total 98304K, used 56400K [0x0000000703a00000, 0x0000000800000000)
  region size 2048K, 3 young (6144K), 3 survivors (6144K)
 Metaspace       used 96785K, committed 97856K, reserved 1179648K
  class space    used 13459K, committed 13952K, reserved 1048576K
}
Event: 15.679 GC heap before
{Heap before GC invocations=25 (full 0):
 garbage-first heap   total 98304K, used 83024K [0x0000000703a00000, 0x0000000800000000)
  region size 2048K, 17 young (34816K), 3 survivors (6144K)
 Metaspace       used 97878K, committed 98944K, reserved 1179648K
  class space    used 13603K, committed 14080K, reserved 1048576K
}
Event: 15.687 GC heap after
{Heap after GC invocations=26 (full 0):
 garbage-first heap   total 100352K, used 59405K [0x0000000703a00000, 0x0000000800000000)
  region size 2048K, 2 young (4096K), 2 survivors (4096K)
 Metaspace       used 97878K, committed 98944K, reserved 1179648K
  class space    used 13603K, committed 14080K, reserved 1048576K
}
Event: 16.368 GC heap before
{Heap before GC invocations=26 (full 0):
 garbage-first heap   total 100352K, used 88077K [0x0000000703a00000, 0x0000000800000000)
  region size 2048K, 16 young (32768K), 2 survivors (4096K)
 Metaspace       used 99669K, committed 100800K, reserved 1179648K
  class space    used 13870K, committed 14400K, reserved 1048576K
}
Event: 16.374 GC heap after
{Heap after GC invocations=27 (full 0):
 garbage-first heap   total 100352K, used 62575K [0x0000000703a00000, 0x0000000800000000)
  region size 2048K, 2 young (4096K), 2 survivors (4096K)
 Metaspace       used 99669K, committed 100800K, reserved 1179648K
  class space    used 13870K, committed 14400K, reserved 1048576K
}
Event: 20.473 GC heap before
{Heap before GC invocations=28 (full 0):
 garbage-first heap   total 110592K, used 87151K [0x0000000703a00000, 0x0000000800000000)
  region size 2048K, 14 young (28672K), 2 survivors (4096K)
 Metaspace       used 99669K, committed 100800K, reserved 1179648K
  class space    used 13870K, committed 14400K, reserved 1048576K
}
Event: 20.476 GC heap after
{Heap after GC invocations=29 (full 0):
 garbage-first heap   total 110592K, used 64800K [0x0000000703a00000, 0x0000000800000000)
  region size 2048K, 1 young (2048K), 1 survivors (2048K)
 Metaspace       used 99669K, committed 100800K, reserved 1179648K
  class space    used 13870K, committed 14400K, reserved 1048576K
}
Event: 24.706 GC heap before
{Heap before GC invocations=29 (full 0):
 garbage-first heap   total 110592K, used 95520K [0x0000000703a00000, 0x0000000800000000)
  region size 2048K, 16 young (32768K), 1 survivors (2048K)
 Metaspace       used 99669K, committed 100800K, reserved 1179648K
  class space    used 13870K, committed 14400K, reserved 1048576K
}
Event: 24.712 GC heap after
{Heap after GC invocations=30 (full 0):
 garbage-first heap   total 110592K, used 66006K [0x0000000703a00000, 0x0000000800000000)
  region size 2048K, 2 young (4096K), 2 survivors (4096K)
 Metaspace       used 99669K, committed 100800K, reserved 1179648K
  class space    used 13870K, committed 14400K, reserved 1048576K
}
Event: 29.874 GC heap before
{Heap before GC invocations=30 (full 0):
 garbage-first heap   total 110592K, used 96726K [0x0000000703a00000, 0x0000000800000000)
  region size 2048K, 17 young (34816K), 2 survivors (4096K)
 Metaspace       used 99669K, committed 100800K, reserved 1179648K
  class space    used 13870K, committed 14400K, reserved 1048576K
}
Event: 29.875 GC heap after
{Heap after GC invocations=31 (full 0):
 garbage-first heap   total 110592K, used 64678K [0x0000000703a00000, 0x0000000800000000)
  region size 2048K, 1 young (2048K), 1 survivors (2048K)
 Metaspace       used 99669K, committed 100800K, reserved 1179648K
  class space    used 13870K, committed 14400K, reserved 1048576K
}
Event: 35.126 GC heap before
{Heap before GC invocations=31 (full 0):
 garbage-first heap   total 110592K, used 97446K [0x0000000703a00000, 0x0000000800000000)
  region size 2048K, 17 young (34816K), 1 survivors (2048K)
 Metaspace       used 99671K, committed 100864K, reserved 1179648K
  class space    used 13870K, committed 14400K, reserved 1048576K
}
Event: 35.127 GC heap after
{Heap after GC invocations=32 (full 0):
 garbage-first heap   total 110592K, used 64096K [0x0000000703a00000, 0x0000000800000000)
  region size 2048K, 1 young (2048K), 1 survivors (2048K)
 Metaspace       used 99671K, committed 100864K, reserved 1179648K
  class space    used 13870K, committed 14400K, reserved 1048576K
}

